GET /?autoload=1&v=1777093711831
GET /?autoload=1&v=1777100277829
GET /?autoload=1&v=1777100277829
GET /?autoload=1&v=1777100960820
GET /?autoload=1&v=1777101505278
GET /?autoload=1&v=1777101660957
GET /?autoload=1&v=1777101811238
SERVER START
GET /health
GET /health
GET /?autoload=1&v=20260425121654469
GET /favicon.ico
GET /?autoload=1&v=1777134044031
GET /favicon.ico
GET /?autoload=1&v=1777134149294
GET /favicon.ico
GET /?autoload=1&v=1777134275028
GET /favicon.ico
GET /?autoload=1&v=1777134400252
GET /favicon.ico
GET /?autoload=1&v=1777134523039
GET /favicon.ico
GET /?autoload=1&v=1777134659031
GET /favicon.ico
GET /?autoload=1&v=1777134790028
GET /favicon.ico
GET /health
GET /?autoload=1&v=20260425123328429
GET /favicon.ico
GET /?autoload=1&v=1777134914031
GET /favicon.ico
GET /?v=1777135134424
GET /favicon.ico
GET /?autoload=1&v=1777135246035
GET /favicon.ico
GET /?autoload=1&v=1777135365039
GET /favicon.ico
GET /?autoload=1&v=1777135487033
GET /favicon.ico
GET /?autoload=1&v=1777135617040
GET /favicon.ico
GET /?autoload=1&v=1777135738027
GET /favicon.ico
GET /?autoload=1&v=1777135858029
GET /favicon.ico
GET /?autoload=1&v=1777135984034
GET /favicon.ico
GET /?autoload=1&v=1777136106025
GET /favicon.ico
GET /?autoload=1&v=1777136229026
GET /favicon.ico
GET /?autoload=1&v=1777136349039
GET /favicon.ico
GET /?autoload=1&v=1777136469034
GET /favicon.ico
GET /?autoload=1&v=1777136589032
GET /favicon.ico
GET /?autoload=1&v=1777136710037
GET /favicon.ico
GET /?autoload=1&v=1777136833033
GET /favicon.ico
GET /?autoload=1&v=1777136952040
GET /favicon.ico
GET /?autoload=1&v=1777137077040
GET /favicon.ico
GET /?autoload=1&v=1777137203030
GET /favicon.ico
GET /?autoload=1&v=1777137320031
GET /favicon.ico
GET /?autoload=1&v=1777137436027
GET /favicon.ico
GET /?autoload=1&v=1777137554037
GET /favicon.ico
GET /?autoload=1&v=1777137690038
GET /favicon.ico
GET /?autoload=1&v=1777137798033
GET /favicon.ico
GET /?autoload=1&v=1777138008032
GET /favicon.ico
GET /?autoload=1&v=1777138218032
GET /favicon.ico
GET /?autoload=1&v=1777138434025
GET /favicon.ico
GET /?autoload=1&v=1777138648036
GET /favicon.ico
GET /?autoload=1&v=1777138863032
GET /favicon.ico
GET /.well-known/appspecific/com.chrome.devtools.json
GET /?autoload=1&v=1777140677590
GET /favicon.ico
GET /?autoload=1&v=1777140834107
GET /favicon.ico
GET /?v=1777140923019
GET /favicon.ico
SERVER START
GET /health
GET /?autoload=1&v=20260426220455712
GET /favicon.ico
GET /?autoload=1&v=1777255922815
GET /favicon.ico
GET /?v=1777256145820
GET /favicon.ico
GET /?autoload=1&v=20260426224844304
GET /favicon.ico
GET /?v=1777258638820
GET /favicon.ico
GET /?v=1777258638820
GET /favicon.ico
GET /?v=1777256145820
GET /favicon.ico
